<?xml version="1.0" encoding="utf-8"?><testsuites name="pytest tests"><testsuite name="pytest" errors="0" failures="6" skipped="1" tests="35" time="3.428" timestamp="2026-06-28T07:10:32.321533+00:00" hostname="agent-env-ee9b3fd9-4e6c-458a-a270-a5be09f3b286"><testcase classname="backend.tests.test_brokersaab_api" name="test_categories_returns_19" time="0.177" /><testcase classname="backend.tests.test_brokersaab_api" name="test_advisors_list_and_sort" time="0.044" /><testcase classname="backend.tests.test_brokersaab_api" name="test_advisors_filter_by_category" time="0.045" /><testcase classname="backend.tests.test_brokersaab_api" name="test_advisor_detail" time="0.047" /><testcase classname="backend.tests.test_brokersaab_api" name="test_otp_send_client" time="0.047" /><testcase classname="backend.tests.test_brokersaab_api" name="test_otp_verify_client_new" time="0.045" /><testcase classname="backend.tests.test_brokersaab_api" name="test_register_complete_client_and_welcome_credit" time="0.046" /><testcase classname="backend.tests.test_brokersaab_api" name="test_auth_me_client" time="0.043" /><testcase classname="backend.tests.test_brokersaab_api" name="test_create_booking_wallet" time="0.179" /><testcase classname="backend.tests.test_brokersaab_api" name="test_list_bookings" time="0.046" /><testcase classname="backend.tests.test_brokersaab_api" name="test_request_quote" time="0.044" /><testcase classname="backend.tests.test_brokersaab_api" name="test_advisor_signup" time="0.043"><skipped type="pytest.skip" message="Advisor already exists from prior run; cannot get token">/app/backend/tests/test_brokersaab_api.py:195: Advisor already exists from prior run; cannot get token</skipped></testcase><testcase classname="backend.tests.test_brokersaab_api" name="test_client_requests_quote_to_new_advisor" time="0.000"><failure message="KeyError: 'new_advisor_id'">backend/tests/test_brokersaab_api.py:206: in test_client_requests_quote_to_new_advisor
    "advisor_id": STATE["new_advisor_id"],
                  ^^^^^^^^^^^^^^^^^^^^^^^
E   KeyError: 'new_advisor_id'</failure></testcase><testcase classname="backend.tests.test_brokersaab_api" name="test_advisor_submit_quote" time="0.000"><failure message="KeyError: 'quote_id_to_new_adv'">backend/tests/test_brokersaab_api.py:215: in test_advisor_submit_quote
    qid = STATE["quote_id_to_new_adv"]
          ^^^^^^^^^^^^^^^^^^^^^^^^^^^^
E   KeyError: 'quote_id_to_new_adv'</failure></testcase><testcase classname="backend.tests.test_brokersaab_api" name="test_client_accept_quote_creates_ticket" time="0.000"><failure message="KeyError: 'quote_id_to_new_adv'">backend/tests/test_brokersaab_api.py:231: in test_client_accept_quote_creates_ticket
    qid = STATE["quote_id_to_new_adv"]
          ^^^^^^^^^^^^^^^^^^^^^^^^^^^^
E   KeyError: 'quote_id_to_new_adv'</failure></testcase><testcase classname="backend.tests.test_brokersaab_api" name="test_advisor_adds_stage_and_updates" time="0.000"><failure message="KeyError: 'ticket_id'">backend/tests/test_brokersaab_api.py:248: in test_advisor_adds_stage_and_updates
    tid = STATE["ticket_id"]
          ^^^^^^^^^^^^^^^^^^
E   KeyError: 'ticket_id'</failure></testcase><testcase classname="backend.tests.test_brokersaab_api" name="test_client_confirms_stage" time="0.000"><failure message="KeyError: 'ticket_id'">backend/tests/test_brokersaab_api.py:264: in test_client_confirms_stage
    tid = STATE["ticket_id"]
          ^^^^^^^^^^^^^^^^^^
E   KeyError: 'ticket_id'</failure></testcase><testcase classname="backend.tests.test_brokersaab_api" name="test_client_closes_ticket_with_rating" time="0.000"><failure message="KeyError: 'ticket_id'">backend/tests/test_brokersaab_api.py:273: in test_client_closes_ticket_with_rating
    tid = STATE["ticket_id"]
          ^^^^^^^^^^^^^^^^^^
E   KeyError: 'ticket_id'</failure></testcase><testcase classname="backend.tests.test_brokersaab_api" name="test_wallet_get" time="0.045" /><testcase classname="backend.tests.test_brokersaab_api" name="test_wallet_add" time="0.092" /><testcase classname="backend.tests.test_user_mgmt.TestPassword" name="test_set_password_weak_400" time="0.237" /><testcase classname="backend.tests.test_user_mgmt.TestPassword" name="test_set_password_strong_200" time="0.268" /><testcase classname="backend.tests.test_user_mgmt.TestPassword" name="test_phone_password_login" time="0.270" /><testcase classname="backend.tests.test_user_mgmt.TestPassword" name="test_phone_password_login_wrong" time="0.265" /><testcase classname="backend.tests.test_user_mgmt.TestProfile" name="test_update_profile" time="0.126" /><testcase classname="backend.tests.test_user_mgmt.TestProfile" name="test_upload_avatar_valid" time="0.127" /><testcase classname="backend.tests.test_user_mgmt.TestProfile" name="test_upload_avatar_oversize" time="0.214" /><testcase classname="backend.tests.test_user_mgmt.TestPacks" name="test_list_packs" time="0.077" /><testcase classname="backend.tests.test_user_mgmt.TestPacks" name="test_buy_pack_20" time="0.130" /><testcase classname="backend.tests.test_user_mgmt.TestPacks" name="test_subscriptions_me" time="0.044" /><testcase classname="backend.tests.test_user_mgmt.TestUnlocks" name="test_first_unlock_is_free" time="0.128" /><testcase classname="backend.tests.test_user_mgmt.TestUnlocks" name="test_second_unlock_uses_credit" time="0.086" /><testcase classname="backend.tests.test_user_mgmt.TestUnlocks" name="test_repeat_unlock_already_unlocked" time="0.083" /><testcase classname="backend.tests.test_user_mgmt.TestUnlocks" name="test_unlocks_history" time="0.045" /><testcase classname="backend.tests.test_user_mgmt.TestUnlocks" name="test_insufficient_credits_for_second_unlock" time="0.261" /></testsuite></testsuites>