<?xml version="1.0" encoding="utf-8"?><testsuites name="pytest tests"><testsuite name="pytest" errors="0" failures="0" skipped="0" tests="20" time="2.063" timestamp="2026-06-28T06:42:17.495606+00:00" hostname="agent-env-ee9b3fd9-4e6c-458a-a270-a5be09f3b286"><testcase classname="backend.tests.test_brokersaab_api" name="test_categories_returns_19" time="0.157" /><testcase classname="backend.tests.test_brokersaab_api" name="test_advisors_list_and_sort" time="0.045" /><testcase classname="backend.tests.test_brokersaab_api" name="test_advisors_filter_by_category" time="0.043" /><testcase classname="backend.tests.test_brokersaab_api" name="test_advisor_detail" time="0.044" /><testcase classname="backend.tests.test_brokersaab_api" name="test_otp_send_client" time="0.044" /><testcase classname="backend.tests.test_brokersaab_api" name="test_otp_verify_client_new" time="0.043" /><testcase classname="backend.tests.test_brokersaab_api" name="test_register_complete_client_and_welcome_credit" time="0.067" /><testcase classname="backend.tests.test_brokersaab_api" name="test_auth_me_client" time="0.044" /><testcase classname="backend.tests.test_brokersaab_api" name="test_create_booking_wallet" time="0.434" /><testcase classname="backend.tests.test_brokersaab_api" name="test_list_bookings" time="0.042" /><testcase classname="backend.tests.test_brokersaab_api" name="test_request_quote" time="0.103" /><testcase classname="backend.tests.test_brokersaab_api" name="test_advisor_signup" time="0.043" /><testcase classname="backend.tests.test_brokersaab_api" name="test_client_requests_quote_to_new_advisor" time="0.042" /><testcase classname="backend.tests.test_brokersaab_api" name="test_advisor_submit_quote" time="0.046" /><testcase classname="backend.tests.test_brokersaab_api" name="test_client_accept_quote_creates_ticket" time="0.291" /><testcase classname="backend.tests.test_brokersaab_api" name="test_advisor_adds_stage_and_updates" time="0.092" /><testcase classname="backend.tests.test_brokersaab_api" name="test_client_confirms_stage" time="0.044" /><testcase classname="backend.tests.test_brokersaab_api" name="test_client_closes_ticket_with_rating" time="0.208" /><testcase classname="backend.tests.test_brokersaab_api" name="test_wallet_get" time="0.042" /><testcase classname="backend.tests.test_brokersaab_api" name="test_wallet_add" time="0.125" /></testsuite></testsuites>