<?xml version="1.0" encoding="utf-8"?><testsuites name="pytest tests"><testsuite name="pytest" errors="0" failures="0" skipped="0" tests="15" time="2.622" timestamp="2026-06-28T07:10:24.702469+00:00" hostname="agent-env-ee9b3fd9-4e6c-458a-a270-a5be09f3b286"><testcase classname="backend.tests.test_user_mgmt.TestPassword" name="test_set_password_weak_400" time="0.464" /><testcase classname="backend.tests.test_user_mgmt.TestPassword" name="test_set_password_strong_200" time="0.268" /><testcase classname="backend.tests.test_user_mgmt.TestPassword" name="test_phone_password_login" time="0.265" /><testcase classname="backend.tests.test_user_mgmt.TestPassword" name="test_phone_password_login_wrong" time="0.270" /><testcase classname="backend.tests.test_user_mgmt.TestProfile" name="test_update_profile" time="0.091" /><testcase classname="backend.tests.test_user_mgmt.TestProfile" name="test_upload_avatar_valid" time="0.092" /><testcase classname="backend.tests.test_user_mgmt.TestProfile" name="test_upload_avatar_oversize" time="0.214" /><testcase classname="backend.tests.test_user_mgmt.TestPacks" name="test_list_packs" time="0.044" /><testcase classname="backend.tests.test_user_mgmt.TestPacks" name="test_buy_pack_20" time="0.152" /><testcase classname="backend.tests.test_user_mgmt.TestPacks" name="test_subscriptions_me" time="0.054" /><testcase classname="backend.tests.test_user_mgmt.TestUnlocks" name="test_first_unlock_is_free" time="0.149" /><testcase classname="backend.tests.test_user_mgmt.TestUnlocks" name="test_second_unlock_uses_credit" time="0.092" /><testcase classname="backend.tests.test_user_mgmt.TestUnlocks" name="test_repeat_unlock_already_unlocked" time="0.094" /><testcase classname="backend.tests.test_user_mgmt.TestUnlocks" name="test_unlocks_history" time="0.046" /><testcase classname="backend.tests.test_user_mgmt.TestUnlocks" name="test_insufficient_credits_for_second_unlock" time="0.235" /></testsuite></testsuites>